{"/Users/daniil/Desktop/work/js-oop-project-62/src/app.js": {"path":"/Users/daniil/Desktop/work/js-oop-project-62/src/app.js","statementMap":{"0":{"start":{"line":8,"column":4},"end":{"line":13,"column":6}},"1":{"start":{"line":17,"column":4},"end":{"line":17,"column":31}},"2":{"start":{"line":21,"column":4},"end":{"line":21,"column":31}},"3":{"start":{"line":25,"column":4},"end":{"line":25,"column":35}},"4":{"start":{"line":29,"column":4},"end":{"line":29,"column":31}},"5":{"start":{"line":33,"column":4},"end":{"line":33,"column":32}},"6":{"start":{"line":34,"column":4},"end":{"line":34,"column":16}}},"fnMap":{"0":{"name":"(anonymous_0)","decl":{"start":{"line":7,"column":2},"end":{"line":7,"column":3}},"loc":{"start":{"line":7,"column":16},"end":{"line":14,"column":3}},"line":7},"1":{"name":"(anonymous_1)","decl":{"start":{"line":16,"column":2},"end":{"line":16,"column":3}},"loc":{"start":{"line":16,"column":11},"end":{"line":18,"column":3}},"line":16},"2":{"name":"(anonymous_2)","decl":{"start":{"line":20,"column":2},"end":{"line":20,"column":3}},"loc":{"start":{"line":20,"column":11},"end":{"line":22,"column":3}},"line":20},"3":{"name":"(anonymous_3)","decl":{"start":{"line":24,"column":2},"end":{"line":24,"column":3}},"loc":{"start":{"line":24,"column":10},"end":{"line":26,"column":3}},"line":24},"4":{"name":"(anonymous_4)","decl":{"start":{"line":28,"column":2},"end":{"line":28,"column":3}},"loc":{"start":{"line":28,"column":11},"end":{"line":30,"column":3}},"line":28},"5":{"name":"(anonymous_5)","decl":{"start":{"line":32,"column":2},"end":{"line":32,"column":3}},"loc":{"start":{"line":32,"column":31},"end":{"line":35,"column":3}},"line":32}},"branchMap":{},"s":{"0":1,"1":7,"2":6,"3":5,"4":1,"5":3,"6":3},"f":{"0":1,"1":7,"2":6,"3":5,"4":1,"5":3},"b":{},"_coverageSchema":"1a1c01bbd47fc00a2c39e90264f33305004495a9","hash":"925569e7058f8d29c0bfc860cc9f3d15dc568f9b"}
,"/Users/daniil/Desktop/work/js-oop-project-62/src/utilit/array.js": {"path":"/Users/daniil/Desktop/work/js-oop-project-62/src/utilit/array.js","statementMap":{"0":{"start":{"line":1,"column":23},"end":{"line":4,"column":1}},"1":{"start":{"line":1,"column":36},"end":{"line":4,"column":1}},"2":{"start":{"line":2,"column":15},"end":{"line":2,"column":22}},"3":{"start":{"line":3,"column":2},"end":{"line":3,"column":29}},"4":{"start":{"line":8,"column":4},"end":{"line":8,"column":30}},"5":{"start":{"line":8,"column":25},"end":{"line":8,"column":29}},"6":{"start":{"line":9,"column":4},"end":{"line":9,"column":17}},"7":{"start":{"line":13,"column":4},"end":{"line":13,"column":47}},"8":{"start":{"line":13,"column":28},"end":{"line":13,"column":46}},"9":{"start":{"line":14,"column":4},"end":{"line":14,"column":16}},"10":{"start":{"line":18,"column":4},"end":{"line":18,"column":40}},"11":{"start":{"line":19,"column":4},"end":{"line":19,"column":16}},"12":{"start":{"line":23,"column":4},"end":{"line":26,"column":6}},"13":{"start":{"line":24,"column":17},"end":{"line":24,"column":40}},"14":{"start":{"line":25,"column":6},"end":{"line":25,"column":26}},"15":{"start":{"line":27,"column":4},"end":{"line":27,"column":16}}},"fnMap":{"0":{"name":"(anonymous_0)","decl":{"start":{"line":1,"column":23},"end":{"line":1,"column":24}},"loc":{"start":{"line":1,"column":36},"end":{"line":4,"column":1}},"line":1},"1":{"name":"(anonymous_1)","decl":{"start":{"line":1,"column":36},"end":{"line":1,"column":37}},"loc":{"start":{"line":1,"column":50},"end":{"line":4,"column":1}},"line":1},"2":{"name":"(anonymous_2)","decl":{"start":{"line":7,"column":2},"end":{"line":7,"column":3}},"loc":{"start":{"line":7,"column":18},"end":{"line":10,"column":3}},"line":7},"3":{"name":"(anonymous_3)","decl":{"start":{"line":8,"column":19},"end":{"line":8,"column":20}},"loc":{"start":{"line":8,"column":25},"end":{"line":8,"column":29}},"line":8},"4":{"name":"(anonymous_4)","decl":{"start":{"line":12,"column":2},"end":{"line":12,"column":3}},"loc":{"start":{"line":12,"column":13},"end":{"line":15,"column":3}},"line":12},"5":{"name":"(anonymous_5)","decl":{"start":{"line":13,"column":19},"end":{"line":13,"column":20}},"loc":{"start":{"line":13,"column":28},"end":{"line":13,"column":46}},"line":13},"6":{"name":"(anonymous_6)","decl":{"start":{"line":17,"column":2},"end":{"line":17,"column":3}},"loc":{"start":{"line":17,"column":19},"end":{"line":20,"column":3}},"line":17},"7":{"name":"(anonymous_7)","decl":{"start":{"line":22,"column":2},"end":{"line":22,"column":3}},"loc":{"start":{"line":22,"column":18},"end":{"line":28,"column":3}},"line":22},"8":{"name":"(anonymous_8)","decl":{"start":{"line":23,"column":19},"end":{"line":23,"column":20}},"loc":{"start":{"line":23,"column":28},"end":{"line":26,"column":5}},"line":23}},"branchMap":{"0":{"loc":{"start":{"line":1,"column":37},"end":{"line":1,"column":45}},"type":"default-arg","locations":[{"start":{"line":1,"column":43},"end":{"line":1,"column":45}}],"line":1},"1":{"loc":{"start":{"line":17,"column":9},"end":{"line":17,"column":17}},"type":"default-arg","locations":[{"start":{"line":17,"column":16},"end":{"line":17,"column":17}}],"line":17}},"s":{"0":1,"1":2,"2":4,"3":4,"4":5,"5":3,"6":5,"7":1,"8":3,"9":1,"10":2,"11":2,"12":1,"13":2,"14":2,"15":1},"f":{"0":2,"1":4,"2":5,"3":3,"4":1,"5":3,"6":2,"7":1,"8":2},"b":{"0":[1],"1":[1]},"_coverageSchema":"1a1c01bbd47fc00a2c39e90264f33305004495a9","hash":"0d9dff7973ef04506668dc75572eb5ad20b9007a"}
,"/Users/daniil/Desktop/work/js-oop-project-62/src/utilit/number.js": {"path":"/Users/daniil/Desktop/work/js-oop-project-62/src/utilit/number.js","statementMap":{"0":{"start":{"line":1,"column":19},"end":{"line":5,"column":1}},"1":{"start":{"line":1,"column":39},"end":{"line":5,"column":1}},"2":{"start":{"line":2,"column":14},"end":{"line":2,"column":20}},"3":{"start":{"line":3,"column":14},"end":{"line":3,"column":20}},"4":{"start":{"line":4,"column":2},"end":{"line":4,"column":34}},"5":{"start":{"line":9,"column":4},"end":{"line":9,"column":30}},"6":{"start":{"line":9,"column":25},"end":{"line":9,"column":29}},"7":{"start":{"line":10,"column":4},"end":{"line":10,"column":17}},"8":{"start":{"line":14,"column":4},"end":{"line":14,"column":63}},"9":{"start":{"line":14,"column":28},"end":{"line":14,"column":62}},"10":{"start":{"line":15,"column":4},"end":{"line":15,"column":16}},"11":{"start":{"line":19,"column":4},"end":{"line":19,"column":52}},"12":{"start":{"line":19,"column":28},"end":{"line":19,"column":51}},"13":{"start":{"line":20,"column":4},"end":{"line":20,"column":16}},"14":{"start":{"line":24,"column":4},"end":{"line":24,"column":40}},"15":{"start":{"line":25,"column":4},"end":{"line":25,"column":16}},"16":{"start":{"line":29,"column":4},"end":{"line":32,"column":6}},"17":{"start":{"line":30,"column":17},"end":{"line":30,"column":41}},"18":{"start":{"line":31,"column":6},"end":{"line":31,"column":26}},"19":{"start":{"line":33,"column":4},"end":{"line":33,"column":16}}},"fnMap":{"0":{"name":"(anonymous_0)","decl":{"start":{"line":1,"column":19},"end":{"line":1,"column":20}},"loc":{"start":{"line":1,"column":39},"end":{"line":5,"column":1}},"line":1},"1":{"name":"(anonymous_1)","decl":{"start":{"line":1,"column":39},"end":{"line":1,"column":40}},"loc":{"start":{"line":1,"column":48},"end":{"line":5,"column":1}},"line":1},"2":{"name":"(anonymous_2)","decl":{"start":{"line":8,"column":2},"end":{"line":8,"column":3}},"loc":{"start":{"line":8,"column":18},"end":{"line":11,"column":3}},"line":8},"3":{"name":"(anonymous_3)","decl":{"start":{"line":9,"column":19},"end":{"line":9,"column":20}},"loc":{"start":{"line":9,"column":25},"end":{"line":9,"column":29}},"line":9},"4":{"name":"(anonymous_4)","decl":{"start":{"line":13,"column":2},"end":{"line":13,"column":3}},"loc":{"start":{"line":13,"column":13},"end":{"line":16,"column":3}},"line":13},"5":{"name":"(anonymous_5)","decl":{"start":{"line":14,"column":19},"end":{"line":14,"column":20}},"loc":{"start":{"line":14,"column":28},"end":{"line":14,"column":62}},"line":14},"6":{"name":"(anonymous_6)","decl":{"start":{"line":18,"column":2},"end":{"line":18,"column":3}},"loc":{"start":{"line":18,"column":13},"end":{"line":21,"column":3}},"line":18},"7":{"name":"(anonymous_7)","decl":{"start":{"line":19,"column":19},"end":{"line":19,"column":20}},"loc":{"start":{"line":19,"column":28},"end":{"line":19,"column":51}},"line":19},"8":{"name":"(anonymous_8)","decl":{"start":{"line":23,"column":2},"end":{"line":23,"column":3}},"loc":{"start":{"line":23,"column":18},"end":{"line":26,"column":3}},"line":23},"9":{"name":"(anonymous_9)","decl":{"start":{"line":28,"column":2},"end":{"line":28,"column":3}},"loc":{"start":{"line":28,"column":18},"end":{"line":34,"column":3}},"line":28},"10":{"name":"(anonymous_10)","decl":{"start":{"line":29,"column":19},"end":{"line":29,"column":20}},"loc":{"start":{"line":29,"column":28},"end":{"line":32,"column":5}},"line":29}},"branchMap":{"0":{"loc":{"start":{"line":4,"column":9},"end":{"line":4,"column":33}},"type":"binary-expr","locations":[{"start":{"line":4,"column":9},"end":{"line":4,"column":19}},{"start":{"line":4,"column":23},"end":{"line":4,"column":33}}],"line":4},"1":{"loc":{"start":{"line":14,"column":28},"end":{"line":14,"column":62}},"type":"binary-expr","locations":[{"start":{"line":14,"column":28},"end":{"line":14,"column":51}},{"start":{"line":14,"column":55},"end":{"line":14,"column":62}}],"line":14},"2":{"loc":{"start":{"line":19,"column":28},"end":{"line":19,"column":51}},"type":"binary-expr","locations":[{"start":{"line":19,"column":28},"end":{"line":19,"column":35}},{"start":{"line":19,"column":39},"end":{"line":19,"column":51}}],"line":19}},"s":{"0":1,"1":1,"2":5,"3":5,"4":5,"5":6,"6":4,"7":6,"8":1,"9":6,"10":1,"11":2,"12":6,"13":2,"14":1,"15":1,"16":1,"17":2,"18":2,"19":1},"f":{"0":1,"1":5,"2":6,"3":4,"4":1,"5":6,"6":2,"7":6,"8":1,"9":1,"10":2},"b":{"0":[5,4],"1":[6,3],"2":[6,4]},"_coverageSchema":"1a1c01bbd47fc00a2c39e90264f33305004495a9","hash":"c2bc75f454a0c2fde8df535825aa07a1200b8412"}
,"/Users/daniil/Desktop/work/js-oop-project-62/src/utilit/object.js": {"path":"/Users/daniil/Desktop/work/js-oop-project-62/src/utilit/object.js","statementMap":{"0":{"start":{"line":3,"column":4},"end":{"line":3,"column":30}},"1":{"start":{"line":3,"column":25},"end":{"line":3,"column":29}},"2":{"start":{"line":4,"column":4},"end":{"line":4,"column":17}},"3":{"start":{"line":8,"column":4},"end":{"line":15,"column":6}},"4":{"start":{"line":9,"column":6},"end":{"line":9,"column":64}},"5":{"start":{"line":9,"column":51},"end":{"line":9,"column":64}},"6":{"start":{"line":11,"column":8},"end":{"line":13,"column":9}},"7":{"start":{"line":12,"column":10},"end":{"line":12,"column":67}},"8":{"start":{"line":12,"column":54},"end":{"line":12,"column":67}},"9":{"start":{"line":14,"column":8},"end":{"line":14,"column":20}},"10":{"start":{"line":16,"column":4},"end":{"line":16,"column":35}},"11":{"start":{"line":20,"column":4},"end":{"line":23,"column":6}},"12":{"start":{"line":21,"column":17},"end":{"line":21,"column":41}},"13":{"start":{"line":22,"column":6},"end":{"line":22,"column":26}},"14":{"start":{"line":24,"column":4},"end":{"line":24,"column":16}}},"fnMap":{"0":{"name":"(anonymous_0)","decl":{"start":{"line":2,"column":2},"end":{"line":2,"column":3}},"loc":{"start":{"line":2,"column":18},"end":{"line":5,"column":3}},"line":2},"1":{"name":"(anonymous_1)","decl":{"start":{"line":3,"column":19},"end":{"line":3,"column":20}},"loc":{"start":{"line":3,"column":25},"end":{"line":3,"column":29}},"line":3},"2":{"name":"(anonymous_2)","decl":{"start":{"line":7,"column":2},"end":{"line":7,"column":3}},"loc":{"start":{"line":7,"column":21},"end":{"line":17,"column":3}},"line":7},"3":{"name":"(anonymous_3)","decl":{"start":{"line":8,"column":19},"end":{"line":8,"column":20}},"loc":{"start":{"line":8,"column":28},"end":{"line":15,"column":5}},"line":8},"4":{"name":"(anonymous_4)","decl":{"start":{"line":19,"column":2},"end":{"line":19,"column":3}},"loc":{"start":{"line":19,"column":18},"end":{"line":25,"column":3}},"line":19},"5":{"name":"(anonymous_5)","decl":{"start":{"line":20,"column":19},"end":{"line":20,"column":20}},"loc":{"start":{"line":20,"column":28},"end":{"line":23,"column":5}},"line":20}},"branchMap":{"0":{"loc":{"start":{"line":9,"column":6},"end":{"line":9,"column":64}},"type":"if","locations":[{"start":{"line":9,"column":6},"end":{"line":9,"column":64}},{"start":{},"end":{}}],"line":9},"1":{"loc":{"start":{"line":9,"column":10},"end":{"line":9,"column":49}},"type":"binary-expr","locations":[{"start":{"line":9,"column":10},"end":{"line":9,"column":22}},{"start":{"line":9,"column":26},"end":{"line":9,"column":49}}],"line":9},"2":{"loc":{"start":{"line":12,"column":10},"end":{"line":12,"column":67}},"type":"if","locations":[{"start":{"line":12,"column":10},"end":{"line":12,"column":67}},{"start":{},"end":{}}],"line":12}},"s":{"0":1,"1":0,"2":1,"3":1,"4":4,"5":0,"6":4,"7":7,"8":2,"9":2,"10":1,"11":0,"12":0,"13":0,"14":0},"f":{"0":1,"1":0,"2":1,"3":4,"4":0,"5":0},"b":{"0":[0,4],"1":[4,4],"2":[2,5]},"_coverageSchema":"1a1c01bbd47fc00a2c39e90264f33305004495a9","hash":"d214f9122eb7649be6d4933afffbfde239a174b2"}
,"/Users/daniil/Desktop/work/js-oop-project-62/src/utilit/string.js": {"path":"/Users/daniil/Desktop/work/js-oop-project-62/src/utilit/string.js","statementMap":{"0":{"start":{"line":1,"column":22},"end":{"line":5,"column":1}},"1":{"start":{"line":1,"column":36},"end":{"line":5,"column":1}},"2":{"start":{"line":2,"column":2},"end":{"line":2,"column":44}},"3":{"start":{"line":2,"column":31},"end":{"line":2,"column":44}},"4":{"start":{"line":3,"column":24},"end":{"line":3,"column":32}},"5":{"start":{"line":4,"column":2},"end":{"line":4,"column":37}},"6":{"start":{"line":7,"column":23},"end":{"line":11,"column":1}},"7":{"start":{"line":7,"column":42},"end":{"line":11,"column":1}},"8":{"start":{"line":8,"column":2},"end":{"line":8,"column":58}},"9":{"start":{"line":8,"column":45},"end":{"line":8,"column":58}},"10":{"start":{"line":9,"column":20},"end":{"line":9,"column":29}},"11":{"start":{"line":10,"column":2},"end":{"line":10,"column":33}},"12":{"start":{"line":15,"column":4},"end":{"line":15,"column":30}},"13":{"start":{"line":15,"column":25},"end":{"line":15,"column":29}},"14":{"start":{"line":16,"column":4},"end":{"line":16,"column":17}},"15":{"start":{"line":20,"column":4},"end":{"line":20,"column":68}},"16":{"start":{"line":20,"column":29},"end":{"line":20,"column":66}},"17":{"start":{"line":21,"column":4},"end":{"line":21,"column":16}},"18":{"start":{"line":25,"column":4},"end":{"line":25,"column":38}},"19":{"start":{"line":26,"column":4},"end":{"line":26,"column":16}},"20":{"start":{"line":30,"column":4},"end":{"line":30,"column":45}},"21":{"start":{"line":31,"column":4},"end":{"line":31,"column":16}},"22":{"start":{"line":35,"column":4},"end":{"line":38,"column":6}},"23":{"start":{"line":36,"column":17},"end":{"line":36,"column":41}},"24":{"start":{"line":37,"column":6},"end":{"line":37,"column":26}},"25":{"start":{"line":39,"column":4},"end":{"line":39,"column":16}}},"fnMap":{"0":{"name":"(anonymous_0)","decl":{"start":{"line":1,"column":22},"end":{"line":1,"column":23}},"loc":{"start":{"line":1,"column":36},"end":{"line":5,"column":1}},"line":1},"1":{"name":"(anonymous_1)","decl":{"start":{"line":1,"column":36},"end":{"line":1,"column":37}},"loc":{"start":{"line":1,"column":45},"end":{"line":5,"column":1}},"line":1},"2":{"name":"(anonymous_2)","decl":{"start":{"line":7,"column":23},"end":{"line":7,"column":24}},"loc":{"start":{"line":7,"column":42},"end":{"line":11,"column":1}},"line":7},"3":{"name":"(anonymous_3)","decl":{"start":{"line":7,"column":42},"end":{"line":7,"column":43}},"loc":{"start":{"line":7,"column":56},"end":{"line":11,"column":1}},"line":7},"4":{"name":"(anonymous_4)","decl":{"start":{"line":14,"column":2},"end":{"line":14,"column":3}},"loc":{"start":{"line":14,"column":18},"end":{"line":17,"column":3}},"line":14},"5":{"name":"(anonymous_5)","decl":{"start":{"line":15,"column":19},"end":{"line":15,"column":20}},"loc":{"start":{"line":15,"column":25},"end":{"line":15,"column":29}},"line":15},"6":{"name":"(anonymous_6)","decl":{"start":{"line":19,"column":2},"end":{"line":19,"column":3}},"loc":{"start":{"line":19,"column":13},"end":{"line":22,"column":3}},"line":19},"7":{"name":"(anonymous_7)","decl":{"start":{"line":20,"column":19},"end":{"line":20,"column":20}},"loc":{"start":{"line":20,"column":29},"end":{"line":20,"column":66}},"line":20},"8":{"name":"(anonymous_8)","decl":{"start":{"line":24,"column":2},"end":{"line":24,"column":3}},"loc":{"start":{"line":24,"column":21},"end":{"line":27,"column":3}},"line":24},"9":{"name":"(anonymous_9)","decl":{"start":{"line":29,"column":2},"end":{"line":29,"column":3}},"loc":{"start":{"line":29,"column":23},"end":{"line":32,"column":3}},"line":29},"10":{"name":"(anonymous_10)","decl":{"start":{"line":34,"column":2},"end":{"line":34,"column":3}},"loc":{"start":{"line":34,"column":18},"end":{"line":40,"column":3}},"line":34},"11":{"name":"(anonymous_11)","decl":{"start":{"line":35,"column":19},"end":{"line":35,"column":20}},"loc":{"start":{"line":35,"column":28},"end":{"line":38,"column":5}},"line":35}},"branchMap":{"0":{"loc":{"start":{"line":2,"column":2},"end":{"line":2,"column":44}},"type":"if","locations":[{"start":{"line":2,"column":2},"end":{"line":2,"column":44}},{"start":{},"end":{}}],"line":2},"1":{"loc":{"start":{"line":7,"column":24},"end":{"line":7,"column":37}},"type":"default-arg","locations":[{"start":{"line":7,"column":36},"end":{"line":7,"column":37}}],"line":7},"2":{"loc":{"start":{"line":7,"column":43},"end":{"line":7,"column":51}},"type":"default-arg","locations":[{"start":{"line":7,"column":49},"end":{"line":7,"column":51}}],"line":7},"3":{"loc":{"start":{"line":8,"column":2},"end":{"line":8,"column":58}},"type":"if","locations":[{"start":{"line":8,"column":2},"end":{"line":8,"column":58}},{"start":{},"end":{}}],"line":8},"4":{"loc":{"start":{"line":8,"column":6},"end":{"line":8,"column":43}},"type":"binary-expr","locations":[{"start":{"line":8,"column":6},"end":{"line":8,"column":16}},{"start":{"line":8,"column":20},"end":{"line":8,"column":43}}],"line":8},"5":{"loc":{"start":{"line":20,"column":29},"end":{"line":20,"column":66}},"type":"cond-expr","locations":[{"start":{"line":20,"column":35},"end":{"line":20,"column":58}},{"start":{"line":20,"column":61},"end":{"line":20,"column":66}}],"line":20},"6":{"loc":{"start":{"line":24,"column":11},"end":{"line":24,"column":19}},"type":"default-arg","locations":[{"start":{"line":24,"column":17},"end":{"line":24,"column":19}}],"line":24}},"s":{"0":1,"1":5,"2":8,"3":1,"4":7,"5":7,"6":1,"7":2,"8":4,"9":2,"10":2,"11":2,"12":7,"13":3,"14":7,"15":2,"16":10,"17":2,"18":5,"19":5,"20":2,"21":2,"22":1,"23":2,"24":2,"25":1},"f":{"0":5,"1":8,"2":2,"3":4,"4":7,"5":3,"6":2,"7":10,"8":5,"9":2,"10":1,"11":2},"b":{"0":[1,7],"1":[1],"2":[1],"3":[2,2],"4":[4,2],"5":[5,5],"6":[1]},"_coverageSchema":"1a1c01bbd47fc00a2c39e90264f33305004495a9","hash":"f128b4aa4330fa99bdcce1d0a44a769982f229be"}
}
