{"/Users/daniil/Desktop/work/js-oop-project-62/src/app.js": {"path":"/Users/daniil/Desktop/work/js-oop-project-62/src/app.js","statementMap":{"0":{"start":{"line":7,"column":14},"end":{"line":12,"column":3}},"1":{"start":{"line":15,"column":4},"end":{"line":15,"column":24}},"2":{"start":{"line":19,"column":4},"end":{"line":19,"column":24}},"3":{"start":{"line":23,"column":4},"end":{"line":23,"column":28}},"4":{"start":{"line":27,"column":4},"end":{"line":27,"column":24}},"5":{"start":{"line":31,"column":4},"end":{"line":31,"column":37}},"6":{"start":{"line":32,"column":4},"end":{"line":32,"column":27}}},"fnMap":{"0":{"name":"(anonymous_0)","decl":{"start":{"line":14,"column":2},"end":{"line":14,"column":3}},"loc":{"start":{"line":14,"column":11},"end":{"line":16,"column":3}},"line":14},"1":{"name":"(anonymous_1)","decl":{"start":{"line":18,"column":2},"end":{"line":18,"column":3}},"loc":{"start":{"line":18,"column":11},"end":{"line":20,"column":3}},"line":18},"2":{"name":"(anonymous_2)","decl":{"start":{"line":22,"column":2},"end":{"line":22,"column":3}},"loc":{"start":{"line":22,"column":10},"end":{"line":24,"column":3}},"line":22},"3":{"name":"(anonymous_3)","decl":{"start":{"line":26,"column":2},"end":{"line":26,"column":3}},"loc":{"start":{"line":26,"column":11},"end":{"line":28,"column":3}},"line":26},"4":{"name":"(anonymous_4)","decl":{"start":{"line":30,"column":2},"end":{"line":30,"column":3}},"loc":{"start":{"line":30,"column":31},"end":{"line":33,"column":3}},"line":30}},"branchMap":{},"s":{"0":1,"1":7,"2":6,"3":5,"4":1,"5":3,"6":3},"f":{"0":7,"1":6,"2":5,"3":1,"4":3},"b":{},"_coverageSchema":"1a1c01bbd47fc00a2c39e90264f33305004495a9","hash":"4288de4b3e647131eedc6d7adc48380e3adeba7a"}
,"/Users/daniil/Desktop/work/js-oop-project-62/src/utilit/array.js": {"path":"/Users/daniil/Desktop/work/js-oop-project-62/src/utilit/array.js","statementMap":{"0":{"start":{"line":3,"column":23},"end":{"line":6,"column":1}},"1":{"start":{"line":3,"column":36},"end":{"line":6,"column":1}},"2":{"start":{"line":4,"column":15},"end":{"line":4,"column":22}},"3":{"start":{"line":5,"column":2},"end":{"line":5,"column":29}},"4":{"start":{"line":10,"column":4},"end":{"line":10,"column":30}},"5":{"start":{"line":10,"column":25},"end":{"line":10,"column":29}},"6":{"start":{"line":14,"column":4},"end":{"line":14,"column":47}},"7":{"start":{"line":14,"column":28},"end":{"line":14,"column":46}},"8":{"start":{"line":15,"column":4},"end":{"line":15,"column":16}},"9":{"start":{"line":19,"column":4},"end":{"line":19,"column":40}},"10":{"start":{"line":20,"column":4},"end":{"line":20,"column":16}},"11":{"start":{"line":24,"column":4},"end":{"line":27,"column":6}},"12":{"start":{"line":25,"column":17},"end":{"line":25,"column":45}},"13":{"start":{"line":26,"column":6},"end":{"line":26,"column":26}},"14":{"start":{"line":28,"column":4},"end":{"line":28,"column":16}}},"fnMap":{"0":{"name":"(anonymous_0)","decl":{"start":{"line":3,"column":23},"end":{"line":3,"column":24}},"loc":{"start":{"line":3,"column":36},"end":{"line":6,"column":1}},"line":3},"1":{"name":"(anonymous_1)","decl":{"start":{"line":3,"column":36},"end":{"line":3,"column":37}},"loc":{"start":{"line":3,"column":50},"end":{"line":6,"column":1}},"line":3},"2":{"name":"(anonymous_2)","decl":{"start":{"line":9,"column":2},"end":{"line":9,"column":3}},"loc":{"start":{"line":9,"column":16},"end":{"line":11,"column":3}},"line":9},"3":{"name":"(anonymous_3)","decl":{"start":{"line":10,"column":19},"end":{"line":10,"column":20}},"loc":{"start":{"line":10,"column":25},"end":{"line":10,"column":29}},"line":10},"4":{"name":"(anonymous_4)","decl":{"start":{"line":13,"column":2},"end":{"line":13,"column":3}},"loc":{"start":{"line":13,"column":13},"end":{"line":16,"column":3}},"line":13},"5":{"name":"(anonymous_5)","decl":{"start":{"line":14,"column":19},"end":{"line":14,"column":20}},"loc":{"start":{"line":14,"column":28},"end":{"line":14,"column":46}},"line":14},"6":{"name":"(anonymous_6)","decl":{"start":{"line":18,"column":2},"end":{"line":18,"column":3}},"loc":{"start":{"line":18,"column":19},"end":{"line":21,"column":3}},"line":18},"7":{"name":"(anonymous_7)","decl":{"start":{"line":23,"column":2},"end":{"line":23,"column":3}},"loc":{"start":{"line":23,"column":18},"end":{"line":29,"column":3}},"line":23},"8":{"name":"(anonymous_8)","decl":{"start":{"line":24,"column":19},"end":{"line":24,"column":20}},"loc":{"start":{"line":24,"column":28},"end":{"line":27,"column":5}},"line":24}},"branchMap":{"0":{"loc":{"start":{"line":3,"column":37},"end":{"line":3,"column":45}},"type":"default-arg","locations":[{"start":{"line":3,"column":43},"end":{"line":3,"column":45}}],"line":3},"1":{"loc":{"start":{"line":18,"column":9},"end":{"line":18,"column":17}},"type":"default-arg","locations":[{"start":{"line":18,"column":16},"end":{"line":18,"column":17}}],"line":18}},"s":{"0":1,"1":2,"2":4,"3":4,"4":5,"5":3,"6":1,"7":3,"8":1,"9":2,"10":2,"11":1,"12":2,"13":2,"14":1},"f":{"0":2,"1":4,"2":5,"3":3,"4":1,"5":3,"6":2,"7":1,"8":2},"b":{"0":[1],"1":[1]},"_coverageSchema":"1a1c01bbd47fc00a2c39e90264f33305004495a9","hash":"f0bed78ea155bbf66d34d30c8c65b22b41658568"}
,"/Users/daniil/Desktop/work/js-oop-project-62/src/utilit/number.js": {"path":"/Users/daniil/Desktop/work/js-oop-project-62/src/utilit/number.js","statementMap":{"0":{"start":{"line":3,"column":19},"end":{"line":7,"column":1}},"1":{"start":{"line":3,"column":39},"end":{"line":7,"column":1}},"2":{"start":{"line":4,"column":14},"end":{"line":4,"column":20}},"3":{"start":{"line":5,"column":14},"end":{"line":5,"column":20}},"4":{"start":{"line":6,"column":2},"end":{"line":6,"column":34}},"5":{"start":{"line":11,"column":4},"end":{"line":11,"column":30}},"6":{"start":{"line":11,"column":25},"end":{"line":11,"column":29}},"7":{"start":{"line":15,"column":4},"end":{"line":15,"column":63}},"8":{"start":{"line":15,"column":28},"end":{"line":15,"column":62}},"9":{"start":{"line":16,"column":4},"end":{"line":16,"column":16}},"10":{"start":{"line":20,"column":4},"end":{"line":20,"column":52}},"11":{"start":{"line":20,"column":28},"end":{"line":20,"column":51}},"12":{"start":{"line":21,"column":4},"end":{"line":21,"column":16}},"13":{"start":{"line":25,"column":4},"end":{"line":25,"column":40}},"14":{"start":{"line":26,"column":4},"end":{"line":26,"column":16}},"15":{"start":{"line":30,"column":4},"end":{"line":33,"column":6}},"16":{"start":{"line":31,"column":17},"end":{"line":31,"column":46}},"17":{"start":{"line":32,"column":6},"end":{"line":32,"column":26}},"18":{"start":{"line":34,"column":4},"end":{"line":34,"column":16}}},"fnMap":{"0":{"name":"(anonymous_0)","decl":{"start":{"line":3,"column":19},"end":{"line":3,"column":20}},"loc":{"start":{"line":3,"column":39},"end":{"line":7,"column":1}},"line":3},"1":{"name":"(anonymous_1)","decl":{"start":{"line":3,"column":39},"end":{"line":3,"column":40}},"loc":{"start":{"line":3,"column":48},"end":{"line":7,"column":1}},"line":3},"2":{"name":"(anonymous_2)","decl":{"start":{"line":10,"column":2},"end":{"line":10,"column":3}},"loc":{"start":{"line":10,"column":16},"end":{"line":12,"column":3}},"line":10},"3":{"name":"(anonymous_3)","decl":{"start":{"line":11,"column":19},"end":{"line":11,"column":20}},"loc":{"start":{"line":11,"column":25},"end":{"line":11,"column":29}},"line":11},"4":{"name":"(anonymous_4)","decl":{"start":{"line":14,"column":2},"end":{"line":14,"column":3}},"loc":{"start":{"line":14,"column":13},"end":{"line":17,"column":3}},"line":14},"5":{"name":"(anonymous_5)","decl":{"start":{"line":15,"column":19},"end":{"line":15,"column":20}},"loc":{"start":{"line":15,"column":28},"end":{"line":15,"column":62}},"line":15},"6":{"name":"(anonymous_6)","decl":{"start":{"line":19,"column":2},"end":{"line":19,"column":3}},"loc":{"start":{"line":19,"column":13},"end":{"line":22,"column":3}},"line":19},"7":{"name":"(anonymous_7)","decl":{"start":{"line":20,"column":19},"end":{"line":20,"column":20}},"loc":{"start":{"line":20,"column":28},"end":{"line":20,"column":51}},"line":20},"8":{"name":"(anonymous_8)","decl":{"start":{"line":24,"column":2},"end":{"line":24,"column":3}},"loc":{"start":{"line":24,"column":18},"end":{"line":27,"column":3}},"line":24},"9":{"name":"(anonymous_9)","decl":{"start":{"line":29,"column":2},"end":{"line":29,"column":3}},"loc":{"start":{"line":29,"column":18},"end":{"line":35,"column":3}},"line":29},"10":{"name":"(anonymous_10)","decl":{"start":{"line":30,"column":19},"end":{"line":30,"column":20}},"loc":{"start":{"line":30,"column":28},"end":{"line":33,"column":5}},"line":30}},"branchMap":{"0":{"loc":{"start":{"line":6,"column":9},"end":{"line":6,"column":33}},"type":"binary-expr","locations":[{"start":{"line":6,"column":9},"end":{"line":6,"column":19}},{"start":{"line":6,"column":23},"end":{"line":6,"column":33}}],"line":6},"1":{"loc":{"start":{"line":15,"column":28},"end":{"line":15,"column":62}},"type":"binary-expr","locations":[{"start":{"line":15,"column":28},"end":{"line":15,"column":51}},{"start":{"line":15,"column":55},"end":{"line":15,"column":62}}],"line":15},"2":{"loc":{"start":{"line":20,"column":28},"end":{"line":20,"column":51}},"type":"binary-expr","locations":[{"start":{"line":20,"column":28},"end":{"line":20,"column":35}},{"start":{"line":20,"column":39},"end":{"line":20,"column":51}}],"line":20}},"s":{"0":1,"1":1,"2":5,"3":5,"4":5,"5":6,"6":4,"7":1,"8":6,"9":1,"10":2,"11":6,"12":2,"13":1,"14":1,"15":1,"16":2,"17":2,"18":1},"f":{"0":1,"1":5,"2":6,"3":4,"4":1,"5":6,"6":2,"7":6,"8":1,"9":1,"10":2},"b":{"0":[5,4],"1":[6,3],"2":[6,4]},"_coverageSchema":"1a1c01bbd47fc00a2c39e90264f33305004495a9","hash":"5b55463ac329e8329b557ef6d6488ff7c3d953ad"}
,"/Users/daniil/Desktop/work/js-oop-project-62/src/utilit/object.js": {"path":"/Users/daniil/Desktop/work/js-oop-project-62/src/utilit/object.js","statementMap":{"0":{"start":{"line":5,"column":4},"end":{"line":7,"column":5}},"1":{"start":{"line":6,"column":6},"end":{"line":6,"column":65}},"2":{"start":{"line":6,"column":52},"end":{"line":6,"column":65}},"3":{"start":{"line":8,"column":4},"end":{"line":8,"column":16}},"4":{"start":{"line":12,"column":4},"end":{"line":12,"column":35}},"5":{"start":{"line":16,"column":4},"end":{"line":19,"column":6}},"6":{"start":{"line":17,"column":17},"end":{"line":17,"column":46}},"7":{"start":{"line":18,"column":6},"end":{"line":18,"column":26}},"8":{"start":{"line":20,"column":4},"end":{"line":20,"column":16}}},"fnMap":{"0":{"name":"(anonymous_0)","decl":{"start":{"line":4,"column":2},"end":{"line":4,"column":3}},"loc":{"start":{"line":4,"column":15},"end":{"line":9,"column":3}},"line":4},"1":{"name":"(anonymous_1)","decl":{"start":{"line":11,"column":2},"end":{"line":11,"column":3}},"loc":{"start":{"line":11,"column":21},"end":{"line":13,"column":3}},"line":11},"2":{"name":"(anonymous_2)","decl":{"start":{"line":15,"column":2},"end":{"line":15,"column":3}},"loc":{"start":{"line":15,"column":18},"end":{"line":21,"column":3}},"line":15},"3":{"name":"(anonymous_3)","decl":{"start":{"line":16,"column":19},"end":{"line":16,"column":20}},"loc":{"start":{"line":16,"column":28},"end":{"line":19,"column":5}},"line":16}},"branchMap":{"0":{"loc":{"start":{"line":6,"column":6},"end":{"line":6,"column":65}},"type":"if","locations":[{"start":{"line":6,"column":6},"end":{"line":6,"column":65}},{"start":{},"end":{}}],"line":6}},"s":{"0":4,"1":7,"2":2,"3":2,"4":1,"5":0,"6":0,"7":0,"8":0},"f":{"0":4,"1":1,"2":0,"3":0},"b":{"0":[2,5]},"_coverageSchema":"1a1c01bbd47fc00a2c39e90264f33305004495a9","hash":"a2f8b9b9926aee5fbb8737664c0f747074517d48"}
,"/Users/daniil/Desktop/work/js-oop-project-62/src/utilit/string.js": {"path":"/Users/daniil/Desktop/work/js-oop-project-62/src/utilit/string.js","statementMap":{"0":{"start":{"line":3,"column":22},"end":{"line":7,"column":1}},"1":{"start":{"line":3,"column":36},"end":{"line":7,"column":1}},"2":{"start":{"line":4,"column":2},"end":{"line":4,"column":44}},"3":{"start":{"line":4,"column":31},"end":{"line":4,"column":44}},"4":{"start":{"line":5,"column":24},"end":{"line":5,"column":32}},"5":{"start":{"line":6,"column":2},"end":{"line":6,"column":37}},"6":{"start":{"line":9,"column":23},"end":{"line":13,"column":1}},"7":{"start":{"line":9,"column":42},"end":{"line":13,"column":1}},"8":{"start":{"line":10,"column":2},"end":{"line":10,"column":58}},"9":{"start":{"line":10,"column":45},"end":{"line":10,"column":58}},"10":{"start":{"line":11,"column":20},"end":{"line":11,"column":29}},"11":{"start":{"line":12,"column":2},"end":{"line":12,"column":33}},"12":{"start":{"line":17,"column":4},"end":{"line":17,"column":30}},"13":{"start":{"line":17,"column":25},"end":{"line":17,"column":29}},"14":{"start":{"line":21,"column":4},"end":{"line":21,"column":68}},"15":{"start":{"line":21,"column":29},"end":{"line":21,"column":66}},"16":{"start":{"line":22,"column":4},"end":{"line":22,"column":16}},"17":{"start":{"line":26,"column":4},"end":{"line":26,"column":38}},"18":{"start":{"line":27,"column":4},"end":{"line":27,"column":16}},"19":{"start":{"line":31,"column":4},"end":{"line":31,"column":45}},"20":{"start":{"line":32,"column":4},"end":{"line":32,"column":16}},"21":{"start":{"line":36,"column":4},"end":{"line":39,"column":6}},"22":{"start":{"line":37,"column":17},"end":{"line":37,"column":46}},"23":{"start":{"line":38,"column":6},"end":{"line":38,"column":26}},"24":{"start":{"line":40,"column":4},"end":{"line":40,"column":16}}},"fnMap":{"0":{"name":"(anonymous_0)","decl":{"start":{"line":3,"column":22},"end":{"line":3,"column":23}},"loc":{"start":{"line":3,"column":36},"end":{"line":7,"column":1}},"line":3},"1":{"name":"(anonymous_1)","decl":{"start":{"line":3,"column":36},"end":{"line":3,"column":37}},"loc":{"start":{"line":3,"column":45},"end":{"line":7,"column":1}},"line":3},"2":{"name":"(anonymous_2)","decl":{"start":{"line":9,"column":23},"end":{"line":9,"column":24}},"loc":{"start":{"line":9,"column":42},"end":{"line":13,"column":1}},"line":9},"3":{"name":"(anonymous_3)","decl":{"start":{"line":9,"column":42},"end":{"line":9,"column":43}},"loc":{"start":{"line":9,"column":56},"end":{"line":13,"column":1}},"line":9},"4":{"name":"(anonymous_4)","decl":{"start":{"line":16,"column":2},"end":{"line":16,"column":3}},"loc":{"start":{"line":16,"column":16},"end":{"line":18,"column":3}},"line":16},"5":{"name":"(anonymous_5)","decl":{"start":{"line":17,"column":19},"end":{"line":17,"column":20}},"loc":{"start":{"line":17,"column":25},"end":{"line":17,"column":29}},"line":17},"6":{"name":"(anonymous_6)","decl":{"start":{"line":20,"column":2},"end":{"line":20,"column":3}},"loc":{"start":{"line":20,"column":13},"end":{"line":23,"column":3}},"line":20},"7":{"name":"(anonymous_7)","decl":{"start":{"line":21,"column":19},"end":{"line":21,"column":20}},"loc":{"start":{"line":21,"column":29},"end":{"line":21,"column":66}},"line":21},"8":{"name":"(anonymous_8)","decl":{"start":{"line":25,"column":2},"end":{"line":25,"column":3}},"loc":{"start":{"line":25,"column":21},"end":{"line":28,"column":3}},"line":25},"9":{"name":"(anonymous_9)","decl":{"start":{"line":30,"column":2},"end":{"line":30,"column":3}},"loc":{"start":{"line":30,"column":23},"end":{"line":33,"column":3}},"line":30},"10":{"name":"(anonymous_10)","decl":{"start":{"line":35,"column":2},"end":{"line":35,"column":3}},"loc":{"start":{"line":35,"column":18},"end":{"line":41,"column":3}},"line":35},"11":{"name":"(anonymous_11)","decl":{"start":{"line":36,"column":19},"end":{"line":36,"column":20}},"loc":{"start":{"line":36,"column":28},"end":{"line":39,"column":5}},"line":36}},"branchMap":{"0":{"loc":{"start":{"line":4,"column":2},"end":{"line":4,"column":44}},"type":"if","locations":[{"start":{"line":4,"column":2},"end":{"line":4,"column":44}},{"start":{},"end":{}}],"line":4},"1":{"loc":{"start":{"line":9,"column":24},"end":{"line":9,"column":37}},"type":"default-arg","locations":[{"start":{"line":9,"column":36},"end":{"line":9,"column":37}}],"line":9},"2":{"loc":{"start":{"line":9,"column":43},"end":{"line":9,"column":51}},"type":"default-arg","locations":[{"start":{"line":9,"column":49},"end":{"line":9,"column":51}}],"line":9},"3":{"loc":{"start":{"line":10,"column":2},"end":{"line":10,"column":58}},"type":"if","locations":[{"start":{"line":10,"column":2},"end":{"line":10,"column":58}},{"start":{},"end":{}}],"line":10},"4":{"loc":{"start":{"line":10,"column":6},"end":{"line":10,"column":43}},"type":"binary-expr","locations":[{"start":{"line":10,"column":6},"end":{"line":10,"column":16}},{"start":{"line":10,"column":20},"end":{"line":10,"column":43}}],"line":10},"5":{"loc":{"start":{"line":21,"column":29},"end":{"line":21,"column":66}},"type":"cond-expr","locations":[{"start":{"line":21,"column":35},"end":{"line":21,"column":58}},{"start":{"line":21,"column":61},"end":{"line":21,"column":66}}],"line":21},"6":{"loc":{"start":{"line":25,"column":11},"end":{"line":25,"column":19}},"type":"default-arg","locations":[{"start":{"line":25,"column":17},"end":{"line":25,"column":19}}],"line":25}},"s":{"0":1,"1":5,"2":8,"3":1,"4":7,"5":7,"6":1,"7":2,"8":4,"9":2,"10":2,"11":2,"12":7,"13":3,"14":2,"15":10,"16":2,"17":5,"18":5,"19":2,"20":2,"21":1,"22":2,"23":2,"24":1},"f":{"0":5,"1":8,"2":2,"3":4,"4":7,"5":3,"6":2,"7":10,"8":5,"9":2,"10":1,"11":2},"b":{"0":[1,7],"1":[1],"2":[1],"3":[2,2],"4":[4,2],"5":[5,5],"6":[1]},"_coverageSchema":"1a1c01bbd47fc00a2c39e90264f33305004495a9","hash":"5e800a950db9fbba89038a3400080a195cfd4e08"}
}
