TN:
SF:src/app.js
FN:7,(anonymous_0)
FN:16,(anonymous_1)
FN:20,(anonymous_2)
FN:24,(anonymous_3)
FN:28,(anonymous_4)
FN:32,(anonymous_5)
FNF:6
FNH:6
FNDA:1,(anonymous_0)
FNDA:7,(anonymous_1)
FNDA:6,(anonymous_2)
FNDA:5,(anonymous_3)
FNDA:1,(anonymous_4)
FNDA:3,(anonymous_5)
DA:8,1
DA:17,7
DA:21,6
DA:25,5
DA:29,1
DA:33,3
DA:34,3
LF:7
LH:7
BRF:0
BRH:0
end_of_record
TN:
SF:src/utilit/array.js
FN:1,(anonymous_0)
FN:1,(anonymous_1)
FN:7,(anonymous_2)
FN:8,(anonymous_3)
FN:12,(anonymous_4)
FN:13,(anonymous_5)
FN:17,(anonymous_6)
FN:22,(anonymous_7)
FN:23,(anonymous_8)
FNF:9
FNH:9
FNDA:2,(anonymous_0)
FNDA:4,(anonymous_1)
FNDA:5,(anonymous_2)
FNDA:3,(anonymous_3)
FNDA:1,(anonymous_4)
FNDA:3,(anonymous_5)
FNDA:2,(anonymous_6)
FNDA:1,(anonymous_7)
FNDA:2,(anonymous_8)
DA:1,2
DA:2,4
DA:3,4
DA:8,5
DA:9,5
DA:13,3
DA:14,1
DA:18,2
DA:19,2
DA:23,1
DA:24,2
DA:25,2
DA:27,1
LF:13
LH:13
BRDA:1,0,0,1
BRDA:17,1,0,1
BRF:2
BRH:2
end_of_record
TN:
SF:src/utilit/number.js
FN:1,(anonymous_0)
FN:1,(anonymous_1)
FN:8,(anonymous_2)
FN:9,(anonymous_3)
FN:13,(anonymous_4)
FN:14,(anonymous_5)
FN:18,(anonymous_6)
FN:19,(anonymous_7)
FN:23,(anonymous_8)
FN:28,(anonymous_9)
FN:29,(anonymous_10)
FNF:11
FNH:11
FNDA:1,(anonymous_0)
FNDA:5,(anonymous_1)
FNDA:6,(anonymous_2)
FNDA:4,(anonymous_3)
FNDA:1,(anonymous_4)
FNDA:6,(anonymous_5)
FNDA:2,(anonymous_6)
FNDA:6,(anonymous_7)
FNDA:1,(anonymous_8)
FNDA:1,(anonymous_9)
FNDA:2,(anonymous_10)
DA:1,1
DA:2,5
DA:3,5
DA:4,5
DA:9,6
DA:10,6
DA:14,6
DA:15,1
DA:19,6
DA:20,2
DA:24,1
DA:25,1
DA:29,1
DA:30,2
DA:31,2
DA:33,1
LF:16
LH:16
BRDA:4,0,0,5
BRDA:4,0,1,4
BRDA:14,1,0,6
BRDA:14,1,1,3
BRDA:19,2,0,6
BRDA:19,2,1,4
BRF:6
BRH:6
end_of_record
TN:
SF:src/utilit/object.js
FN:2,(anonymous_0)
FN:3,(anonymous_1)
FN:7,(anonymous_2)
FN:8,(anonymous_3)
FN:19,(anonymous_4)
FN:20,(anonymous_5)
FNF:6
FNH:3
FNDA:1,(anonymous_0)
FNDA:0,(anonymous_1)
FNDA:1,(anonymous_2)
FNDA:4,(anonymous_3)
FNDA:0,(anonymous_4)
FNDA:0,(anonymous_5)
DA:3,1
DA:4,1
DA:8,1
DA:9,4
DA:11,4
DA:12,7
DA:14,2
DA:16,1
DA:20,0
DA:21,0
DA:22,0
DA:24,0
LF:12
LH:8
BRDA:9,0,0,0
BRDA:9,0,1,4
BRDA:9,1,0,4
BRDA:9,1,1,4
BRDA:12,2,0,2
BRDA:12,2,1,5
BRF:6
BRH:5
end_of_record
TN:
SF:src/utilit/string.js
FN:1,(anonymous_0)
FN:1,(anonymous_1)
FN:7,(anonymous_2)
FN:7,(anonymous_3)
FN:14,(anonymous_4)
FN:15,(anonymous_5)
FN:19,(anonymous_6)
FN:20,(anonymous_7)
FN:24,(anonymous_8)
FN:29,(anonymous_9)
FN:34,(anonymous_10)
FN:35,(anonymous_11)
FNF:12
FNH:12
FNDA:5,(anonymous_0)
FNDA:8,(anonymous_1)
FNDA:2,(anonymous_2)
FNDA:4,(anonymous_3)
FNDA:7,(anonymous_4)
FNDA:3,(anonymous_5)
FNDA:2,(anonymous_6)
FNDA:10,(anonymous_7)
FNDA:5,(anonymous_8)
FNDA:2,(anonymous_9)
FNDA:1,(anonymous_10)
FNDA:2,(anonymous_11)
DA:1,5
DA:2,8
DA:3,7
DA:4,7
DA:7,2
DA:8,4
DA:9,2
DA:10,2
DA:15,7
DA:16,7
DA:20,10
DA:21,2
DA:25,5
DA:26,5
DA:30,2
DA:31,2
DA:35,1
DA:36,2
DA:37,2
DA:39,1
LF:20
LH:20
BRDA:2,0,0,1
BRDA:2,0,1,7
BRDA:7,1,0,1
BRDA:7,2,0,1
BRDA:8,3,0,2
BRDA:8,3,1,2
BRDA:8,4,0,4
BRDA:8,4,1,2
BRDA:20,5,0,5
BRDA:20,5,1,5
BRDA:24,6,0,1
BRF:11
BRH:11
end_of_record
