TN:
SF:src/app.js
FN:14,(anonymous_0)
FN:18,(anonymous_1)
FN:22,(anonymous_2)
FN:26,(anonymous_3)
FN:30,(anonymous_4)
FNF:5
FNH:5
FNDA:6,(anonymous_0)
FNDA:5,(anonymous_1)
FNDA:4,(anonymous_2)
FNDA:1,(anonymous_3)
FNDA:1,(anonymous_4)
DA:7,1
DA:15,6
DA:19,5
DA:23,4
DA:27,1
DA:31,1
DA:32,1
LF:7
LH:7
BRF:0
BRH:0
end_of_record
TN:
SF:src/utilit/array.js
FN:1,(anonymous_0)
FN:1,(anonymous_1)
FN:7,(anonymous_2)
FN:8,(anonymous_3)
FN:13,(anonymous_4)
FN:17,(anonymous_5)
FN:21,(anonymous_6)
FN:25,(anonymous_7)
FN:26,(anonymous_8)
FN:26,(anonymous_9)
FNF:10
FNH:7
FNDA:2,(anonymous_0)
FNDA:4,(anonymous_1)
FNDA:3,(anonymous_2)
FNDA:3,(anonymous_3)
FNDA:7,(anonymous_4)
FNDA:1,(anonymous_5)
FNDA:2,(anonymous_6)
FNDA:0,(anonymous_7)
FNDA:0,(anonymous_8)
FNDA:0,(anonymous_9)
DA:1,2
DA:2,4
DA:3,4
DA:6,1
DA:7,3
DA:8,3
DA:14,7
DA:18,1
DA:22,2
DA:26,0
DA:27,0
DA:28,0
DA:29,0
DA:31,0
LF:14
LH:9
BRDA:1,0,0,1
BRDA:13,1,0,4
BRDA:21,2,0,1
BRF:3
BRH:3
end_of_record
TN:
SF:src/utilit/number.js
FN:1,(anonymous_0)
FN:1,(anonymous_1)
FN:8,(anonymous_2)
FN:9,(anonymous_3)
FN:10,(anonymous_4)
FN:15,(anonymous_5)
FN:19,(anonymous_6)
FN:23,(anonymous_7)
FN:27,(anonymous_8)
FN:31,(anonymous_9)
FN:32,(anonymous_10)
FN:32,(anonymous_11)
FNF:12
FNH:9
FNDA:1,(anonymous_0)
FNDA:5,(anonymous_1)
FNDA:4,(anonymous_2)
FNDA:6,(anonymous_3)
FNDA:3,(anonymous_4)
FNDA:9,(anonymous_5)
FNDA:1,(anonymous_6)
FNDA:2,(anonymous_7)
FNDA:1,(anonymous_8)
FNDA:0,(anonymous_9)
FNDA:0,(anonymous_10)
FNDA:0,(anonymous_11)
DA:1,1
DA:2,5
DA:3,5
DA:4,5
DA:7,1
DA:8,4
DA:9,6
DA:10,3
DA:16,9
DA:20,1
DA:24,2
DA:28,1
DA:32,0
DA:33,0
DA:34,0
DA:35,0
DA:37,0
LF:17
LH:12
BRDA:4,0,0,5
BRDA:4,0,1,4
BRDA:10,1,0,3
BRDA:10,1,1,2
BRDA:15,2,0,5
BRF:5
BRH:5
end_of_record
TN:
SF:src/utilit/object.js
FN:2,(anonymous_0)
FN:9,(anonymous_1)
FN:13,(anonymous_2)
FN:14,(anonymous_3)
FN:14,(anonymous_4)
FNF:5
FNH:2
FNDA:1,(anonymous_0)
FNDA:1,(anonymous_1)
FNDA:0,(anonymous_2)
FNDA:0,(anonymous_3)
FNDA:0,(anonymous_4)
DA:3,1
DA:4,1
DA:6,0
DA:10,1
DA:14,0
DA:15,0
DA:16,0
DA:17,0
DA:19,0
LF:9
LH:3
BRDA:4,0,0,0
BRDA:4,0,1,0
BRF:2
BRH:0
end_of_record
TN:
SF:src/utilit/string.js
FN:3,(anonymous_0)
FN:3,(anonymous_1)
FN:9,(anonymous_2)
FN:9,(anonymous_3)
FN:16,(anonymous_4)
FN:17,(anonymous_5)
FN:17,(anonymous_6)
FN:18,(anonymous_7)
FN:19,(anonymous_8)
FN:23,(anonymous_9)
FN:27,(anonymous_10)
FN:31,(anonymous_11)
FN:35,(anonymous_12)
FN:39,(anonymous_13)
FN:40,(anonymous_14)
FN:40,(anonymous_15)
FNF:16
FNH:12
FNDA:5,(anonymous_0)
FNDA:0,(anonymous_1)
FNDA:1,(anonymous_2)
FNDA:0,(anonymous_3)
FNDA:3,(anonymous_4)
FNDA:0,(anonymous_5)
FNDA:0,(anonymous_6)
FNDA:5,(anonymous_7)
FNDA:1,(anonymous_8)
FNDA:13,(anonymous_9)
FNDA:2,(anonymous_10)
FNDA:5,(anonymous_11)
FNDA:1,(anonymous_12)
FNDA:1,(anonymous_13)
FNDA:1,(anonymous_14)
FNDA:2,(anonymous_15)
DA:3,5
DA:4,0
DA:5,0
DA:6,0
DA:9,1
DA:10,0
DA:11,0
DA:12,0
DA:15,1
DA:16,3
DA:17,0
DA:18,5
DA:19,1
DA:24,13
DA:28,2
DA:32,5
DA:36,1
DA:40,1
DA:41,2
DA:42,2
DA:43,2
DA:45,1
LF:22
LH:15
BRDA:3,0,0,0
BRDA:4,1,0,0
BRDA:4,1,1,0
BRDA:9,2,0,0
BRDA:9,3,0,0
BRDA:10,4,0,0
BRDA:10,4,1,0
BRDA:10,5,0,0
BRDA:10,5,1,0
BRDA:16,6,0,1
BRDA:16,7,0,3
BRDA:16,7,1,1
BRDA:17,8,0,0
BRDA:17,8,1,0
BRDA:23,9,0,6
BRF:15
BRH:4
end_of_record
